#-----------------------------------------------------------
# Vivado v2018.2 (64-bit)
# SW Build 2258646 on Thu Jun 14 20:03:12 MDT 2018
# IP Build 2256618 on Thu Jun 14 22:10:49 MDT 2018
# Start of session at: Sat Oct 26 20:59:21 2024
# Process ID: 9440
# Current directory: C:/Users/dtc20/OneDrive - National University of Singapore/Desktop/PreY2S1 Study/EE2026/Lab Manual/EE2026_Project_W9.xpr/MODS
# Command line: vivado.exe -gui_launcher_event rodinguilauncherevent15232 C:\Users\dtc20\OneDrive - National University of Singapore\Desktop\PreY2S1 Study\EE2026\Lab Manual\EE2026_Project_W9.xpr\MODS\MODS.xpr
# Log file: C:/Users/dtc20/OneDrive - National University of Singapore/Desktop/PreY2S1 Study/EE2026/Lab Manual/EE2026_Project_W9.xpr/MODS/vivado.log
# Journal file: C:/Users/dtc20/OneDrive - National University of Singapore/Desktop/PreY2S1 Study/EE2026/Lab Manual/EE2026_Project_W9.xpr/MODS\vivado.jou
#-----------------------------------------------------------
start_gui
open_project {C:/Users/dtc20/OneDrive - National University of Singapore/Desktop/PreY2S1 Study/EE2026/Lab Manual/EE2026_Project_W9.xpr/MODS/MODS.xpr}
INFO: [ProjectBase 1-489] The host OS only allows 260 characters in a normal path. The project is stored in a path with more than 80 characters. If you experience issues with IP, Block Designs, or files not being found, please consider moving the project to a location with a shorter path. Alternately consider using the OS subst command to map part of the path to a drive letter.
Current project path is 'C:/Users/dtc20/OneDrive - National University of Singapore/Desktop/PreY2S1 Study/EE2026/Lab Manual/EE2026_Project_W9.xpr/MODS'
INFO: [Project 1-313] Project file moved from 'C:/Users/dtc20/OneDrive - National University of Singapore/Desktop/EE2026_Project_W9.xpr/MODS' since last save.
Scanning sources...
Finished scanning sources
INFO: [IP_Flow 19-234] Refreshing IP repositories
INFO: [IP_Flow 19-1704] No user IP repositories specified
INFO: [IP_Flow 19-2313] Loaded Vivado IP repository 'C:/Xilinx/Vivado/2018.2/data/ip'.
open_project: Time (s): cpu = 00:00:05 ; elapsed = 00:00:06 . Memory (MB): peak = 912.500 ; gain = 167.406
update_compile_order -fileset sources_1
